build/outputs/logs/manifest-merger-debug-report.txt
-- Merging decision tree log ---
manifest
ADDED from derekrodriguez/Speaq/AndroidManifest.xml:2:1-40:12
	package
		ADDED from derekrodriguez/Speaq/AndroidManifest.xml:3:5-29
	android:versionName
		ADDED from derekrodriguez/Speaq/AndroidManifest.xml:5:5-32
		INJECTED from derekrodriguez/Speaq/AndroidManifest.xml
		INJECTED from derekrodriguez/Speaq/AndroidManifest.xml
	android:versionCode
		ADDED from derekrodriguez/Speaq/AndroidManifest.xml:4:5-28
		INJECTED from derekrodriguez/Speaq/AndroidManifest.xml
		INJECTED from derekrodriguez/Speaq/AndroidManifest.xml
	xmlns:android
		ADDED from derekrodriguez/Speaq/AndroidManifest.xml:2:11-69
uses-sdk
ADDED from derekrodriguez/Speaq/AndroidManifest.xml:7:5-9:41
	android:targetSdkVersion
		ADDED from derekrodriguez/Speaq/AndroidManifest.xml:9:9-38
	android:minSdkVersion
		ADDED from derekrodriguez/Speaq/AndroidManifest.xml:8:9-35
uses-permission#android.permission.WRITE_SMS
ADDED from derekrodriguez/Speaq/AndroidManifest.xml:11:5-68
	android:name
		ADDED from derekrodriguez/Speaq/AndroidManifest.xml:11:22-65
uses-permission#android.permission.READ_SMS
ADDED from derekrodriguez/Speaq/AndroidManifest.xml:12:5-67
	android:name
		ADDED from derekrodriguez/Speaq/AndroidManifest.xml:12:22-64
uses-permission#android.permission.RECEIVE_SMS
ADDED from derekrodriguez/Speaq/AndroidManifest.xml:13:5-70
	android:name
		ADDED from derekrodriguez/Speaq/AndroidManifest.xml:13:22-67
uses-permission#android.permission.READ_CONTACTS
ADDED from derekrodriguez/Speaq/AndroidManifest.xml:14:5-72
	android:name
		ADDED from derekrodriguez/Speaq/AndroidManifest.xml:14:22-69
application
ADDED from derekrodriguez/Speaq/AndroidManifest.xml:16:5-39:19
	android:label
		ADDED from derekrodriguez/Speaq/AndroidManifest.xml:20:9-41
	android:hardwareAccelerated
		ADDED from derekrodriguez/Speaq/AndroidManifest.xml:18:9-43
	android:allowBackup
		ADDED from derekrodriguez/Speaq/AndroidManifest.xml:17:9-35
	android:icon
		ADDED from derekrodriguez/Speaq/AndroidManifest.xml:19:9-45
	android:persistent
		ADDED from derekrodriguez/Speaq/AndroidManifest.xml:21:9-34
	android:theme
		ADDED from derekrodriguez/Speaq/AndroidManifest.xml:22:9-40
activity#com.drod.speaq.Speaq
ADDED from derekrodriguez/Speaq/AndroidManifest.xml:23:9-31:20
	android:label
		ADDED from derekrodriguez/Speaq/AndroidManifest.xml:25:13-45
	android:name
		ADDED from derekrodriguez/Speaq/AndroidManifest.xml:24:13-48
intent-filter#android.intent.action.MAIN+android.intent.category.LAUNCHER
ADDED from derekrodriguez/Speaq/AndroidManifest.xml:26:13-30:29
action#android.intent.action.MAIN
ADDED from derekrodriguez/Speaq/AndroidManifest.xml:27:17-69
	android:name
		ADDED from derekrodriguez/Speaq/AndroidManifest.xml:27:25-66
category#android.intent.category.LAUNCHER
ADDED from derekrodriguez/Speaq/AndroidManifest.xml:29:17-77
	android:name
		ADDED from derekrodriguez/Speaq/AndroidManifest.xml:29:27-74
service#com.drod.speaq.SpeaqService
ADDED from derekrodriguez/Speaq/AndroidManifest.xml:32:9-34:38
	android:enabled
		ADDED from derekrodriguez/Speaq/AndroidManifest.xml:34:13-35
	android:name
		ADDED from derekrodriguez/Speaq/AndroidManifest.xml:33:13-55
activity#com.drod.settings.Settings
ADDED from derekrodriguez/Speaq/AndroidManifest.xml:35:9-38:20
	android:label
		ADDED from derekrodriguez/Speaq/AndroidManifest.xml:37:13-37
	android:name
		ADDED from derekrodriguez/Speaq/AndroidManifest.xml:36:13-54